#
# There is insufficient memory for the Java Runtime Environment to continue.
# Native memory allocation (mmap) failed to map 132120576 bytes for Failed to commit area from 0x0000000083a00000 to 0x000000008b800000 of length 132120576.
# Possible reasons:
#   The system is out of physical RAM or swap space
#   The process is running with CompressedOops enabled, and the Java Heap may be blocking the growth of the native heap
# Possible solutions:
#   Reduce memory load on the system
#   Increase physical memory or swap space
#   Check if swap backing store is full
#   Decrease Java heap size (-Xmx/-Xms)
#   Decrease number of Java threads
#   Decrease Java thread stack sizes (-Xss)
#   Set larger code cache with -XX:ReservedCodeCacheSize=
# This output file may be truncated or incomplete.
#
#  Out of Memory Error (./src/hotspot/os/windows/os_windows.cpp:3303), pid=15440, tid=21568
#
# JRE version:  (11.0.8+10) (build )
# Java VM: OpenJDK 64-Bit Server VM (11.0.8+10-b944.34, mixed mode, sharing, tiered, compressed oops, g1 gc, windows-amd64)
# No core dump will be written. Minidumps are not enabled by default on client versions of Windows
#

---------------  S U M M A R Y ------------

Command Line: -Dfile.encoding=Cp1250 -XX:-OmitStackTraceInFastThrow -Dclojure.compile.path=C:\Users\mapud\IdeaProjects\fireworks\target\classes -Dfireworks.version=0.1.0-SNAPSHOT -Dclojure.debug=false -javaagent:C:\Program Files\JetBrains\IntelliJ IDEA Community Edition 2020.2.3\lib\idea_rt.jar=57299:C:\Program Files\JetBrains\IntelliJ IDEA Community Edition 2020.2.3\bin clojure.main -i C:\Users\mapud\AppData\Local\Temp\form-init2369939160719388420.clj

Host: Intel(R) Core(TM) i5-1035G1 CPU @ 1.00GHz, 8 cores, 7G,  Windows 10 , 64 bit Build 18362 (10.0.18362.1110)
Time: Thu Dec 31 20:25:54 2020 Stoední Evropa (bi?ný eas) elapsed time: 0 seconds (0d 0h 0m 0s)

---------------  T H R E A D  ---------------

Current thread (0x000002644e69f800):  JavaThread "Unknown thread" [_thread_in_vm, id=21568, stack(0x000000e023000000,0x000000e023100000)]

Stack: [0x000000e023000000,0x000000e023100000]
Native frames: (J=compiled Java code, j=interpreted, Vv=VM code, C=native code)
V  [jvm.dll+0x5de35a]
V  [jvm.dll+0x712355]
V  [jvm.dll+0x7138ad]
V  [jvm.dll+0x713f63]
V  [jvm.dll+0x23e628]
V  [jvm.dll+0x5db804]
V  [jvm.dll+0x5d0925]
V  [jvm.dll+0x2faf9b]
V  [jvm.dll+0x2faf0a]
V  [jvm.dll+0x2fade2]
V  [jvm.dll+0x2ffcb6]
V  [jvm.dll+0x3483a3]
V  [jvm.dll+0x348aa6]
V  [jvm.dll+0x3484a3]
V  [jvm.dll+0x2d5be8]
V  [jvm.dll+0x2d6d87]
V  [jvm.dll+0x6f10e7]
V  [jvm.dll+0x6f28dc]
V  [jvm.dll+0x3558f9]
V  [jvm.dll+0x6d492e]
V  [jvm.dll+0x3bdad3]
V  [jvm.dll+0x3bfd01]
C  [jli.dll+0x5373]
C  [ucrtbase.dll+0x210b2]
C  [KERNEL32.DLL+0x17c24]
C  [ntdll.dll+0x6d4d1]


---------------  P R O C E S S  ---------------

Threads class SMR info:
_java_thread_list=0x000002644c549bc0, length=0, elements={
}

Java Threads: ( => current thread )

Other Threads:
  0x000002644e6b7800 GCTaskThread "GC Thread#0" [stack: 0x000000e023100000,0x000000e023200000] [id=22548]
  0x000002644e6e9800 ConcurrentGCThread "G1 Main Marker" [stack: 0x000000e023200000,0x000000e023300000] [id=19212]
  0x000002644e6eb000 ConcurrentGCThread "G1 Conc#0" [stack: 0x000000e023300000,0x000000e023400000] [id=18480]

[error occurred during error reporting (printing all threads), id 0xc0000005, EXCEPTION_ACCESS_VIOLATION (0xc0000005) at pc=0x00007ff9bd1c60c7]

VM state:not at safepoint (not fully initialized)

VM Mutex/Monitor currently owned by a thread:  ([mutex/lock_event])
[0x000002644e69e2b0] Heap_lock - owner thread: 0x000002644e69f800

Heap address: 0x0000000083a00000, size: 1990 MB, Compressed Oops mode: Non-zero based: 0x0000000083a00000
Narrow klass base: 0x0000000000000000, Narrow klass shift: 0

GC Heap History (0 events):
No events

Deoptimization events (0 events):
No events

Classes redefined (0 events):
No events

Internal exceptions (0 events):
No events

Events (1 events):
Event: 0.012 Loaded shared library C:\Program Files\JetBrains\IntelliJ IDEA Community Edition 2020.2.3\jbr\bin\zip.dll


Dynamic libraries:
0x00007ff75f620000 - 0x00007ff75f62a000 	C:\Program Files\JetBrains\IntelliJ IDEA Community Edition 2020.2.3\jbr\bin\java.exe
0x00007ffa16b00000 - 0x00007ffa16cf0000 	C:\Windows\SYSTEM32\ntdll.dll
0x00007ffa155c0000 - 0x00007ffa15672000 	C:\Windows\System32\KERNEL32.DLL
0x00007ffa14590000 - 0x00007ffa14835000 	C:\Windows\System32\KERNELBASE.dll
0x00007ffa14a80000 - 0x00007ffa14b7a000 	C:\Windows\System32\ucrtbase.dll
0x00007ffa045d0000 - 0x00007ffa045e9000 	C:\Program Files\JetBrains\IntelliJ IDEA Community Edition 2020.2.3\jbr\bin\jli.dll
0x00007ffa03c80000 - 0x00007ffa03c97000 	C:\Program Files\JetBrains\IntelliJ IDEA Community Edition 2020.2.3\jbr\bin\VCRUNTIME140.dll
0x00007ffa168b0000 - 0x00007ffa16a44000 	C:\Windows\System32\USER32.dll
0x00007ffa14b80000 - 0x00007ffa14ba1000 	C:\Windows\System32\win32u.dll
0x00007ffa14c80000 - 0x00007ffa14ca6000 	C:\Windows\System32\GDI32.dll
0x00007ffa14840000 - 0x00007ffa149d6000 	C:\Windows\System32\gdi32full.dll
0x00007ffa149e0000 - 0x00007ffa14a7e000 	C:\Windows\System32\msvcp_win.dll
0x00007ff9fe060000 - 0x00007ff9fe2e4000 	C:\Windows\WinSxS\amd64_microsoft.windows.common-controls_6595b64144ccf1df_6.0.18362.1256_none_9e7e379be45e40e2\COMCTL32.dll
0x00007ffa15680000 - 0x00007ffa1571e000 	C:\Windows\System32\msvcrt.dll
0x00007ffa16430000 - 0x00007ffa16766000 	C:\Windows\System32\combase.dll
0x00007ffa15b30000 - 0x00007ffa15c50000 	C:\Windows\System32\RPCRT4.dll
0x00007ffa13bf0000 - 0x00007ffa13c71000 	C:\Windows\System32\bcryptPrimitives.dll
0x00007ffa15ec0000 - 0x00007ffa15eee000 	C:\Windows\System32\IMM32.DLL
0x00007ff9eb5c0000 - 0x00007ff9eb65d000 	C:\Program Files\JetBrains\IntelliJ IDEA Community Edition 2020.2.3\jbr\bin\msvcp140.dll
0x00007ff9bcee0000 - 0x00007ff9bd99d000 	C:\Program Files\JetBrains\IntelliJ IDEA Community Edition 2020.2.3\jbr\bin\server\jvm.dll
0x00007ffa15c50000 - 0x00007ffa15cf3000 	C:\Windows\System32\ADVAPI32.dll
0x00007ffa15e20000 - 0x00007ffa15eb7000 	C:\Windows\System32\sechost.dll
0x00007ffa15ac0000 - 0x00007ffa15ac8000 	C:\Windows\System32\PSAPI.DLL
0x00007ffa046b0000 - 0x00007ffa046b9000 	C:\Windows\SYSTEM32\WSOCK32.dll
0x00007ffa10ed0000 - 0x00007ffa10ef4000 	C:\Windows\SYSTEM32\WINMM.dll
0x00007ffa0b8f0000 - 0x00007ffa0b8fa000 	C:\Windows\SYSTEM32\VERSION.dll
0x00007ffa15d00000 - 0x00007ffa15d6f000 	C:\Windows\System32\WS2_32.dll
0x00007ffa10dc0000 - 0x00007ffa10ded000 	C:\Windows\SYSTEM32\WINMMBASE.dll
0x00007ffa14470000 - 0x00007ffa144ba000 	C:\Windows\System32\cfgmgr32.dll
0x00007ffa13a30000 - 0x00007ffa13a41000 	C:\Windows\System32\kernel.appcore.dll
0x00007ffa045a0000 - 0x00007ffa045b1000 	C:\Program Files\JetBrains\IntelliJ IDEA Community Edition 2020.2.3\jbr\bin\verify.dll
0x00007ffa12290000 - 0x00007ffa12484000 	C:\Windows\SYSTEM32\DBGHELP.DLL
0x00007ff9f4a50000 - 0x00007ff9f4a7a000 	C:\Windows\SYSTEM32\dbgcore.DLL
0x00007ffa03e00000 - 0x00007ffa03e29000 	C:\Program Files\JetBrains\IntelliJ IDEA Community Edition 2020.2.3\jbr\bin\java.dll
0x00007ffa04590000 - 0x00007ffa0459b000 	C:\Program Files\JetBrains\IntelliJ IDEA Community Edition 2020.2.3\jbr\bin\jimage.dll
0x00007ffa0f090000 - 0x00007ffa0f09f000 	C:\Program Files\JetBrains\IntelliJ IDEA Community Edition 2020.2.3\jbr\bin\instrument.dll
0x00007ffa04000000 - 0x00007ffa04018000 	C:\Program Files\JetBrains\IntelliJ IDEA Community Edition 2020.2.3\jbr\bin\zip.dll

dbghelp: loaded successfully - version: 4.0.5 - missing functions: none
symbol engine: initialized successfully - sym options: 0x614 - pdb path: .;C:\Program Files\JetBrains\IntelliJ IDEA Community Edition 2020.2.3\jbr\bin;C:\Windows\SYSTEM32;C:\Windows\WinSxS\amd64_microsoft.windows.common-controls_6595b64144ccf1df_6.0.18362.1256_none_9e7e379be45e40e2;C:\Program Files\JetBrains\IntelliJ IDEA Community Edition 2020.2.3\jbr\bin\server

VM Arguments:
jvm_args: -Dfile.encoding=Cp1250 -XX:-OmitStackTraceInFastThrow -Dclojure.compile.path=C:\Users\mapud\IdeaProjects\fireworks\target\classes -Dfireworks.version=0.1.0-SNAPSHOT -Dclojure.debug=false -javaagent:C:\Program Files\JetBrains\IntelliJ IDEA Community Edition 2020.2.3\lib\idea_rt.jar=57299:C:\Program Files\JetBrains\IntelliJ IDEA Community Edition 2020.2.3\bin 
java_command: clojure.main -i C:\Users\mapud\AppData\Local\Temp\form-init2369939160719388420.clj
java_class_path (initial): C:\Users\mapud\IdeaProjects\fireworks\test;C:\Users\mapud\IdeaProjects\fireworks\src;C:\Users\mapud\IdeaProjects\fireworks\dev-resources;C:\Users\mapud\IdeaProjects\fireworks\resources;C:\Users\mapud\IdeaProjects\fireworks\target\classes;C:\Users\mapud\.m2\repository\org\apache\xmlgraphics\batik-util\1.8\batik-util-1.8.jar;C:\Users\mapud\.m2\repository\quil\processing-dxf\3.5.3\processing-dxf-3.5.3.jar;C:\Users\mapud\.m2\repository\nrepl\nrepl\0.6.0\nrepl-0.6.0.jar;C:\Users\mapud\.m2\repository\clojure-complete\clojure-complete\0.2.5\clojure-complete-0.2.5.jar;C:\Users\mapud\.m2\repository\quil\processing-svg\3.5.3\processing-svg-3.5.3.jar;C:\Users\mapud\.m2\repository\org\apache\xmlgraphics\batik-svggen\1.8\batik-svggen-1.8.jar;C:\Users\mapud\.m2\repository\org\apache\xmlgraphics\batik-css\1.8\batik-css-1.8.jar;C:\Users\mapud\.m2\repository\org\bouncycastle\bcmail-jdk14\1.38\bcmail-jdk14-1.38.jar;C:\Users\mapud\.m2\repository\quil\processing-pdf\3.5.3\processing-pdf-3.5.3.jar;C:\Users\mapud\.m2\repository\xml-apis\xml-apis\1.3.04\xml-apis-1.3.04.jar;C:\Users\mapud\.m2\repository\xalan\xalan\2.7.0\xalan-2.7.0.jar;C:\Users\mapud\.m2\repository\bouncycastle\bcprov-jdk14\138\bcprov-jdk14-138.jar;C:\Users\mapud\.m2\repository\org\bouncycastle\bctsp-jdk14\1.38\bctsp-jdk14-1.38.jar;C:\Users\mapud\.m2\repository\cljsjs\p5\0.9.0-0\p5-0.9.0-0.jar;C:\Users\mapud\.m2\repository\bouncycastle\bcmail-jdk14\138\bcmail-jdk14-138.jar;C:\Users\mapud\.m2\repository\org\apache\xmlgraphics\batik-dom\1.8\batik-dom-1.8.jar;C:\Users\mapud\.m2\repository\org\apache\xmlgraphics\batik-awt-util\1.8\batik-awt-util-1.8.jar;C:\Users\mapud\.m2\repository\quil\processing-core\3.5.3\processing-core-3.5.3.jar;C:\Users\mapud\.m2\repository\com\lowagie\itext\2.1.7\itext-2.1.7.jar;C:\Users\mapud\.m2\repository\quil\gluegen-rt-fat\2.3.2\gluegen-rt-fat-2.3.2.jar;C:\Users\mapud\.m2\repository\org\apache\xmlgraphics\batik-ext\1.8\batik-ext-1.8.jar;C:\Users\mapud\.m2\repository\x
Launcher Type: SUN_STANDARD

[Global flags]
     intx CICompilerCount                          = 4                                         {product} {ergonomic}
     uint ConcGCThreads                            = 2                                         {product} {ergonomic}
     uint G1ConcRefinementThreads                  = 8                                         {product} {ergonomic}
   size_t G1HeapRegionSize                         = 1048576                                   {product} {ergonomic}
    uintx GCDrainStackTargetSize                   = 64                                        {product} {ergonomic}
   size_t InitialHeapSize                          = 132120576                                 {product} {ergonomic}
   size_t MarkStackSize                            = 4194304                                   {product} {ergonomic}
   size_t MaxHeapSize                              = 2086666240                                {product} {ergonomic}
   size_t MinHeapDeltaBytes                        = 1048576                                   {product} {ergonomic}
    uintx NonNMethodCodeHeapSize                   = 5836300                                {pd product} {ergonomic}
    uintx NonProfiledCodeHeapSize                  = 122910970                              {pd product} {ergonomic}
     bool OmitStackTraceInFastThrow                = false                                     {product} {command line}
    uintx ProfiledCodeHeapSize                     = 122910970                              {pd product} {ergonomic}
    uintx ReservedCodeCacheSize                    = 251658240                              {pd product} {ergonomic}
     bool SegmentedCodeCache                       = true                                      {product} {ergonomic}
     bool UseCompressedClassPointers               = true                                 {lp64_product} {ergonomic}
     bool UseCompressedOops                        = true                                 {lp64_product} {ergonomic}
     bool UseG1GC                                  = true                                      {product} {ergonomic}
     bool UseLargePagesIndividualAllocation        = false                                  {pd product} {ergonomic}

Logging:
Log output configuration:
 #0: stdout all=warning uptime,level,tags
 #1: stderr all=off uptime,level,tags

Environment Variables:
JAVA_HOME=C:\Program Files\OpenJDK\jdk-14.0.2
PATH=C:\Program Files (x86)\Common Files\Oracle\Java\javapath;C:\Windows\system32;C:\Windows;C:\Windows\System32\Wbem;C:\Windows\System32\WindowsPowerShell\v1.0\;C:\Windows\System32\OpenSSH\;C:\Program Files\NVIDIA Corporation\NVIDIA NvDLISR;C:\ProgramData\chocolatey\bin;C:\Program Files\OpenJDK\jdk-14.0.2\bin;;C:\Program Files (x86)\clisp-2.49;C:\Users\mapud\AppData\Local\Microsoft\WindowsApps;C:\Users\mapud\AppData\Local\atom\bin
USERNAME=mapud
OS=Windows_NT
PROCESSOR_IDENTIFIER=Intel64 Family 6 Model 126 Stepping 5, GenuineIntel



---------------  S Y S T E M  ---------------

OS: Windows 10 , 64 bit Build 18362 (10.0.18362.1110)
OS uptime: 1 days 23:33 hours

CPU:total 8 (initial active 8) (4 cores per cpu, 2 threads per core) family 6 model 126 stepping 5, cmov, cx8, fxsr, mmx, sse, sse2, sse3, ssse3, sse4.1, sse4.2, popcnt, avx, avx2, aes, clmul, erms, 3dnowpref, lzcnt, ht, tsc, tscinvbit, bmi1, bmi2, adx, evex, sha, fma

Memory: 4k page, system-wide physical 7959M (703M free)
TotalPageFile size 32484M (AvailPageFile size 73M)
current process WorkingSet (physical memory assigned to process): 10M, peak: 10M
current process commit charge ("private bytes"): 60M, peak: 186M

vm_info: OpenJDK 64-Bit Server VM (11.0.8+10-b944.34) for windows-amd64 JRE (11.0.8+10-b944.34), built on Sep 11 2020 15:32:11 by "" with MS VC++ 14.0 (VS2015)

END.
